Command: /mnt/vol_NFS_rh003/Est_Veri_II_2025/GomezQuesada_Veri_II_25/Proyecto2Veri/src/build/./simv -l vcs_run.log +UVM_VERBOSITY=UVM_MEDIUM +UVM_TESTNAME=RouteRowFirstTest +UVM_CONFIG_DB_TRACE
Chronologic VCS simulator copyright 1991-2020
Contains Synopsys proprietary information.
Compiler version R-2020.12-SP2_Full64; Runtime version R-2020.12-SP2_Full64;  Nov 25 00:02 2025
UVM_INFO /mnt/vol_NFS_rh003/tools/vcs/R-2020.12-SP2/etc/uvm-1.2/base/uvm_root.svh(402) @ 0: reporter [UVM/RELNOTES] 
----------------------------------------------------------------
UVM-1.2.Synopsys
(C) 2007-2014 Mentor Graphics Corporation
(C) 2007-2014 Cadence Design Systems, Inc.
(C) 2006-2014 Synopsys, Inc.
(C) 2011-2013 Cypress Semiconductor Corp.
(C) 2013-2014 NVIDIA Corporation
----------------------------------------------------------------

  ***********       IMPORTANT RELEASE NOTES         ************

  You are using a version of the UVM library that has been compiled
  with `UVM_NO_DEPRECATED undefined.
  See http://www.eda.org/svdb/view.php?id=3313 for more details.

  You are using a version of the UVM library that has been compiled
  with `UVM_OBJECT_DO_NOT_NEED_CONSTRUCTOR undefined.
  See http://www.eda.org/svdb/view.php?id=3770 for more details.

      (Specify +UVM_NO_RELNOTES to turn off this notice)

UVM_FATAL @ 45000: reporter [NOCOMP] No components instantiated. You must either instantiate at least one component before calling run_test or use run_test to do so. To run a test using run_test, use +UVM_TESTNAME or supply the test name in the argument to run_test(). Exiting simulation.
UVM_INFO /mnt/vol_NFS_rh003/tools/vcs/R-2020.12-SP2/etc/uvm-1.2/base/uvm_report_server.svh(901) @ 45000: reporter [UVM/REPORT/SERVER] 
--- UVM Report Summary ---

** Report counts by severity
UVM_INFO :    1
UVM_WARNING :    0
UVM_ERROR :    0
UVM_FATAL :    1
** Report counts by id
[NOCOMP]     1
[UVM/RELNOTES]     1

$finish called from file "/mnt/vol_NFS_rh003/tools/vcs/R-2020.12-SP2/etc/uvm-1.2/base/uvm_root.svh", line 135.
$finish at simulation time                45000
           V C S   S i m u l a t i o n   R e p o r t 
Time: 45000 ps
CPU Time:      1.070 seconds;       Data structure size:   2.7Mb
Tue Nov 25 00:02:32 2025
